<?xml version="1.0" encoding="UTF-8"?>
<!-- Generated by org.testng.reporters.JUnitXMLReporter -->
<testsuite hostname="Rinkesh" name="Default test(failed)" tests="2" failures="0" timestamp="21 Jan 2017 18:25:35 GMT" time="0.168" errors="0">
  <testcase name="firstTest" time="0.0" classname="TestNGClasses.ParametersTest2">
    <skipped/>
  </testcase> <!-- firstTest -->
  <testcase name="thirdTest" time="0.0" classname="TestNGClasses.ParametersTest2">
    <skipped/>
  </testcase> <!-- thirdTest -->
</testsuite> <!-- Default test(failed) -->
