<?xml version="1.0" encoding="UTF-8"?>
<!-- Generated by org.testng.reporters.JUnitXMLReporter -->
<testsuite hostname="Rinkesh" name="Test1" tests="1" failures="0" timestamp="22 Jan 2017 13:59:20 GMT" time="62.523" errors="0">
  <testcase name="@BeforeTest openBrowser" time="0.0" classname="TestGrouping.CrossBrowserTest">
    <failure type="org.openqa.selenium.WebDriverException" message="Failed to connect to binary FirefoxBinary(C:\Program Files (x86)\Mozilla Firefox\firefox.exe) on port 7055; process output follows: 
te&amp;quot;:2,&amp;quot;seen&amp;quot;:true}
1485093533076	addons.xpi	DEBUG	Updating XPIState for {&amp;quot;id&amp;quot;:&amp;quot;sp@avast.com&amp;quot;,&amp;quot;syncGUID&amp;quot;:&amp;quot;GjdLZvR5eTSh&amp;quot;,&amp;quot;location&amp;quot;:&amp;quot;winreg-app-global&amp;quot;,&amp;quot;version&amp;quot;:&amp;quot;10.3.5.39&amp;quot;,&amp;quot;type&amp;quot;:&amp;quot;extension&amp;quot;,&amp;quot;internalName&amp;quot;:null,&amp;quot;updateURL&amp;quot;:null,&amp;quot;updateKey&amp;quot;:null,&amp;quot;optionsURL&amp;quot;:null,&amp;quot;optionsType&amp;quot;:null,&amp;quot;aboutURL&amp;quot;:null,&amp;quot;icons&amp;quot;:{},&amp;quot;iconURL&amp;quot;:&amp;quot;chrome://sp/content/common/skin/img/logo-safeprice-48.png&amp;quot;,&amp;quot;icon64URL&amp;quot;:null,&amp;quot;defaultLocale&amp;quot;:{&amp;quot;name&amp;quot;:&amp;quot;Avast SafePrice&amp;quot;,&amp;quot;description&amp;quot;:&amp;quot;Safe shopping extension&amp;quot;,&amp;quot;creator&amp;quot;:&amp;quot;AVAST Software&amp;quot;,&amp;quot;homepageURL&amp;quot;:&amp;quot;http://www.avast.com/&amp;quot;},&amp;quot;visible&amp;quot;:true,&amp;quot;active&amp;quot;:false,&amp;quot;userDisabled&amp;quot;:true,&amp;quot;appDisabled&amp;quot;:false,&amp;quot;descriptor&amp;quot;:&amp;quot;C:\\Program Files\\AVAST Software\\Avast\\SafePrice\\FF&amp;quot;,&amp;quot;installDate&amp;quot;:1472924438178,&amp;quot;updateDate&amp;quot;:1472924438178,&amp;quot;applyBackgroundUpdates&amp;quot;:1,&amp;quot;bootstrap&amp;quot;:true,&amp;quot;skinnable&amp;quot;:false,&amp;quot;size&amp;quot;:1877359,&amp;quot;sourceURI&amp;quot;:null,&amp;quot;releaseNotesURI&amp;quot;:null,&amp;quot;softDisabled&amp;quot;:false,&amp;quot;foreignInstall&amp;quot;:true,&amp;quot;hasBinaryComponents&amp;quot;:false,&amp;quot;strictCompatibility&amp;quot;:false,&amp;quot;locales&amp;quot;:[],&amp;quot;targetApplications&amp;quot;:[{&amp;quot;id&amp;quot;:&amp;quot;{ec8030f7-c20a-464f-9b0e-13a3a9e97384}&amp;quot;,&amp;quot;minVersion&amp;quot;:&amp;quot;38.0a1&amp;quot;,&amp;quot;maxVersion&amp;quot;:&amp;quot;43.0&amp;quot;}],&amp;quot;targetPlatforms&amp;quot;:[],&amp;quot;multiprocessCompatible&amp;quot;:false,&amp;quot;signedState&amp;quot;:2,&amp;quot;seen&amp;quot;:true}
1485093533078	DeferredSave.extensions.json	DEBUG	Save changes
1485093533079	addons.xpi	DEBUG	Updating database with changes to installed add-ons
1485093533080	addons.xpi-utils	DEBUG	Updating add-on states
1485093533085	addons.xpi-utils	DEBUG	Writing add-ons list
1485093533101	addons.xpi	DEBUG	Registering manifest for C:\Program Files (x86)\Mozilla Firefox\browser\features\e10srollout@mozilla.org.xpi
1485093533105	addons.xpi	DEBUG	Calling bootstrap method startup on e10srollout@mozilla.org version 1.0
1485093533105	addons.xpi	DEBUG	Registering manifest for C:\Program Files (x86)\Mozilla Firefox\browser\features\firefox@getpocket.com.xpi
1485093533109	addons.xpi	DEBUG	Calling bootstrap method startup on firefox@getpocket.com version 1.0
1485093533115	addons.xpi	DEBUG	Registering manifest for C:\Program Files (x86)\Mozilla Firefox\browser\features\loop@mozilla.org.xpi
1485093533119	addons.xpi	DEBUG	Calling bootstrap method startup on loop@mozilla.org version 1.2.6
1485093533257	addons.manager	DEBUG	Registering shutdown blocker for XPIProvider
1485093533259	addons.manager	DEBUG	Provider finished startup: XPIProvider
1485093533259	addons.manager	DEBUG	Starting provider: LightweightThemeManager
1485093533259	addons.manager	DEBUG	Registering shutdown blocker for LightweightThemeManager
1485093533260	addons.manager	DEBUG	Provider finished startup: LightweightThemeManager
1485093533264	addons.manager	DEBUG	Starting provider: GMPProvider
1485093533298	addons.manager	DEBUG	Registering shutdown blocker for GMPProvider
1485093533299	addons.manager	DEBUG	Provider finished startup: GMPProvider
1485093533299	addons.manager	DEBUG	Starting provider: PluginProvider
1485093533300	addons.manager	DEBUG	Registering shutdown blocker for PluginProvider
1485093533301	addons.manager	DEBUG	Provider finished startup: PluginProvider
1485093533303	addons.manager	DEBUG	Completed startup sequence
1485093540796	DeferredSave.extensions.json	DEBUG	Starting timer
1485093540925	addons.manager	DEBUG	Starting provider: &amp;lt;unnamed-provider&amp;gt;
1485093540925	addons.manager	DEBUG	Registering shutdown blocker for &amp;lt;unnamed-provider&amp;gt;
1485093540926	addons.manager	DEBUG	Provider finished startup: &amp;lt;unnamed-provider&amp;gt;
1485093541624	DeferredSave.extensions.json	DEBUG	Starting write
1485093542273	addons.repository	DEBUG	No addons.json found.
1485093542274	DeferredSave.addons.json	DEBUG	Save changes
1485093542316	DeferredSave.addons.json	DEBUG	Starting timer
1485093543840	addons.manager	DEBUG	Starting provider: PreviousExperimentProvider
1485093543840	addons.manager	DEBUG	Registering shutdown blocker for PreviousExperimentProvider
1485093543841	addons.manager	DEBUG	Provider finished startup: PreviousExperimentProvider
1485093543863	DeferredSave.addons.json	DEBUG	Starting write
1485093543880	DeferredSave.extensions.json	DEBUG	Write succeeded
1485093546235	DeferredSave.addons.json	DEBUG	Write succeeded

Build info: version: &amp;apos;2.53.1&amp;apos;, revision: &amp;apos;a36b8b1&amp;apos;, time: &amp;apos;2016-06-30 17:32:46&amp;apos;
System info: host: &amp;apos;Rinkesh&amp;apos;, ip: &amp;apos;192.168.243.1&amp;apos;, os.name: &amp;apos;Windows 10&amp;apos;, os.arch: &amp;apos;amd64&amp;apos;, os.version: &amp;apos;10.0&amp;apos;, java.version: &amp;apos;1.8.0_60&amp;apos;
Driver info: driver.version: FirefoxDriver">
      <![CDATA[org.openqa.selenium.WebDriverException: Failed to connect to binary FirefoxBinary(C:\Program Files (x86)\Mozilla Firefox\firefox.exe) on port 7055; process output follows: 
te":2,"seen":true}
1485093533076	addons.xpi	DEBUG	Updating XPIState for {"id":"sp@avast.com","syncGUID":"GjdLZvR5eTSh","location":"winreg-app-global","version":"10.3.5.39","type":"extension","internalName":null,"updateURL":null,"updateKey":null,"optionsURL":null,"optionsType":null,"aboutURL":null,"icons":{},"iconURL":"chrome://sp/content/common/skin/img/logo-safeprice-48.png","icon64URL":null,"defaultLocale":{"name":"Avast SafePrice","description":"Safe shopping extension","creator":"AVAST Software","homepageURL":"http://www.avast.com/"},"visible":true,"active":false,"userDisabled":true,"appDisabled":false,"descriptor":"C:\\Program Files\\AVAST Software\\Avast\\SafePrice\\FF","installDate":1472924438178,"updateDate":1472924438178,"applyBackgroundUpdates":1,"bootstrap":true,"skinnable":false,"size":1877359,"sourceURI":null,"releaseNotesURI":null,"softDisabled":false,"foreignInstall":true,"hasBinaryComponents":false,"strictCompatibility":false,"locales":[],"targetApplications":[{"id":"{ec8030f7-c20a-464f-9b0e-13a3a9e97384}","minVersion":"38.0a1","maxVersion":"43.0"}],"targetPlatforms":[],"multiprocessCompatible":false,"signedState":2,"seen":true}
1485093533078	DeferredSave.extensions.json	DEBUG	Save changes
1485093533079	addons.xpi	DEBUG	Updating database with changes to installed add-ons
1485093533080	addons.xpi-utils	DEBUG	Updating add-on states
1485093533085	addons.xpi-utils	DEBUG	Writing add-ons list
1485093533101	addons.xpi	DEBUG	Registering manifest for C:\Program Files (x86)\Mozilla Firefox\browser\features\e10srollout@mozilla.org.xpi
1485093533105	addons.xpi	DEBUG	Calling bootstrap method startup on e10srollout@mozilla.org version 1.0
1485093533105	addons.xpi	DEBUG	Registering manifest for C:\Program Files (x86)\Mozilla Firefox\browser\features\firefox@getpocket.com.xpi
1485093533109	addons.xpi	DEBUG	Calling bootstrap method startup on firefox@getpocket.com version 1.0
1485093533115	addons.xpi	DEBUG	Registering manifest for C:\Program Files (x86)\Mozilla Firefox\browser\features\loop@mozilla.org.xpi
1485093533119	addons.xpi	DEBUG	Calling bootstrap method startup on loop@mozilla.org version 1.2.6
1485093533257	addons.manager	DEBUG	Registering shutdown blocker for XPIProvider
1485093533259	addons.manager	DEBUG	Provider finished startup: XPIProvider
1485093533259	addons.manager	DEBUG	Starting provider: LightweightThemeManager
1485093533259	addons.manager	DEBUG	Registering shutdown blocker for LightweightThemeManager
1485093533260	addons.manager	DEBUG	Provider finished startup: LightweightThemeManager
1485093533264	addons.manager	DEBUG	Starting provider: GMPProvider
1485093533298	addons.manager	DEBUG	Registering shutdown blocker for GMPProvider
1485093533299	addons.manager	DEBUG	Provider finished startup: GMPProvider
1485093533299	addons.manager	DEBUG	Starting provider: PluginProvider
1485093533300	addons.manager	DEBUG	Registering shutdown blocker for PluginProvider
1485093533301	addons.manager	DEBUG	Provider finished startup: PluginProvider
1485093533303	addons.manager	DEBUG	Completed startup sequence
1485093540796	DeferredSave.extensions.json	DEBUG	Starting timer
1485093540925	addons.manager	DEBUG	Starting provider: <unnamed-provider>
1485093540925	addons.manager	DEBUG	Registering shutdown blocker for <unnamed-provider>
1485093540926	addons.manager	DEBUG	Provider finished startup: <unnamed-provider>
1485093541624	DeferredSave.extensions.json	DEBUG	Starting write
1485093542273	addons.repository	DEBUG	No addons.json found.
1485093542274	DeferredSave.addons.json	DEBUG	Save changes
1485093542316	DeferredSave.addons.json	DEBUG	Starting timer
1485093543840	addons.manager	DEBUG	Starting provider: PreviousExperimentProvider
1485093543840	addons.manager	DEBUG	Registering shutdown blocker for PreviousExperimentProvider
1485093543841	addons.manager	DEBUG	Provider finished startup: PreviousExperimentProvider
1485093543863	DeferredSave.addons.json	DEBUG	Starting write
1485093543880	DeferredSave.extensions.json	DEBUG	Write succeeded
1485093546235	DeferredSave.addons.json	DEBUG	Write succeeded

Build info: version: '2.53.1', revision: 'a36b8b1', time: '2016-06-30 17:32:46'
System info: host: 'Rinkesh', ip: '192.168.243.1', os.name: 'Windows 10', os.arch: 'amd64', os.version: '10.0', java.version: '1.8.0_60'
Driver info: driver.version: FirefoxDriver
	at org.openqa.selenium.firefox.internal.NewProfileExtensionConnection.start(NewProfileExtensionConnection.java:124)
	at org.openqa.selenium.firefox.FirefoxDriver.startClient(FirefoxDriver.java:271)
	at org.openqa.selenium.remote.RemoteWebDriver.<init>(RemoteWebDriver.java:119)
	at org.openqa.selenium.firefox.FirefoxDriver.<init>(FirefoxDriver.java:218)
	at org.openqa.selenium.firefox.FirefoxDriver.<init>(FirefoxDriver.java:211)
	at org.openqa.selenium.firefox.FirefoxDriver.<init>(FirefoxDriver.java:207)
	at org.openqa.selenium.firefox.FirefoxDriver.<init>(FirefoxDriver.java:120)
	at TestGrouping.CrossBrowserTest.openBrowser(CrossBrowserTest.java:20)
	at java.util.concurrent.FutureTask.run(FutureTask.java:266)
	at java.util.concurrent.ThreadPoolExecutor.runWorker(ThreadPoolExecutor.java:1142)
	at java.util.concurrent.ThreadPoolExecutor$Worker.run(ThreadPoolExecutor.java:617)
	at java.lang.Thread.run(Thread.java:745)
Caused by: org.openqa.selenium.firefox.NotConnectedException: Unable to connect to host 127.0.0.1 on port 7055 after 45000 ms. Firefox console output:
te":2,"seen":true}
1485093533076	addons.xpi	DEBUG	Updating XPIState for {"id":"sp@avast.com","syncGUID":"GjdLZvR5eTSh","location":"winreg-app-global","version":"10.3.5.39","type":"extension","internalName":null,"updateURL":null,"updateKey":null,"optionsURL":null,"optionsType":null,"aboutURL":null,"icons":{},"iconURL":"chrome://sp/content/common/skin/img/logo-safeprice-48.png","icon64URL":null,"defaultLocale":{"name":"Avast SafePrice","description":"Safe shopping extension","creator":"AVAST Software","homepageURL":"http://www.avast.com/"},"visible":true,"active":false,"userDisabled":true,"appDisabled":false,"descriptor":"C:\\Program Files\\AVAST Software\\Avast\\SafePrice\\FF","installDate":1472924438178,"updateDate":1472924438178,"applyBackgroundUpdates":1,"bootstrap":true,"skinnable":false,"size":1877359,"sourceURI":null,"releaseNotesURI":null,"softDisabled":false,"foreignInstall":true,"hasBinaryComponents":false,"strictCompatibility":false,"locales":[],"targetApplications":[{"id":"{ec8030f7-c20a-464f-9b0e-13a3a9e97384}","minVersion":"38.0a1","maxVersion":"43.0"}],"targetPlatforms":[],"multiprocessCompatible":false,"signedState":2,"seen":true}
1485093533078	DeferredSave.extensions.json	DEBUG	Save changes
1485093533079	addons.xpi	DEBUG	Updating database with changes to installed add-ons
1485093533080	addons.xpi-utils	DEBUG	Updating add-on states
1485093533085	addons.xpi-utils	DEBUG	Writing add-ons list
1485093533101	addons.xpi	DEBUG	Registering manifest for C:\Program Files (x86)\Mozilla Firefox\browser\features\e10srollout@mozilla.org.xpi
1485093533105	addons.xpi	DEBUG	Calling bootstrap method startup on e10srollout@mozilla.org version 1.0
1485093533105	addons.xpi	DEBUG	Registering manifest for C:\Program Files (x86)\Mozilla Firefox\browser\features\firefox@getpocket.com.xpi
1485093533109	addons.xpi	DEBUG	Calling bootstrap method startup on firefox@getpocket.com version 1.0
1485093533115	addons.xpi	DEBUG	Registering manifest for C:\Program Files (x86)\Mozilla Firefox\browser\features\loop@mozilla.org.xpi
1485093533119	addons.xpi	DEBUG	Calling bootstrap method startup on loop@mozilla.org version 1.2.6
1485093533257	addons.manager	DEBUG	Registering shutdown blocker for XPIProvider
1485093533259	addons.manager	DEBUG	Provider finished startup: XPIProvider
1485093533259	addons.manager	DEBUG	Starting provider: LightweightThemeManager
1485093533259	addons.manager	DEBUG	Registering shutdown blocker for LightweightThemeManager
1485093533260	addons.manager	DEBUG	Provider finished startup: LightweightThemeManager
1485093533264	addons.manager	DEBUG	Starting provider: GMPProvider
1485093533298	addons.manager	DEBUG	Registering shutdown blocker for GMPProvider
1485093533299	addons.manager	DEBUG	Provider finished startup: GMPProvider
1485093533299	addons.manager	DEBUG	Starting provider: PluginProvider
1485093533300	addons.manager	DEBUG	Registering shutdown blocker for PluginProvider
1485093533301	addons.manager	DEBUG	Provider finished startup: PluginProvider
1485093533303	addons.manager	DEBUG	Completed startup sequence
1485093540796	DeferredSave.extensions.json	DEBUG	Starting timer
1485093540925	addons.manager	DEBUG	Starting provider: <unnamed-provider>
1485093540925	addons.manager	DEBUG	Registering shutdown blocker for <unnamed-provider>
1485093540926	addons.manager	DEBUG	Provider finished startup: <unnamed-provider>
1485093541624	DeferredSave.extensions.json	DEBUG	Starting write
1485093542273	addons.repository	DEBUG	No addons.json found.
1485093542274	DeferredSave.addons.json	DEBUG	Save changes
1485093542316	DeferredSave.addons.json	DEBUG	Starting timer
1485093543840	addons.manager	DEBUG	Starting provider: PreviousExperimentProvider
1485093543840	addons.manager	DEBUG	Registering shutdown blocker for PreviousExperimentProvider
1485093543841	addons.manager	DEBUG	Provider finished startup: PreviousExperimentProvider
1485093543863	DeferredSave.addons.json	DEBUG	Starting write
1485093543880	DeferredSave.extensions.json	DEBUG	Write succeeded
1485093546235	DeferredSave.addons.json	DEBUG	Write succeeded

	at org.openqa.selenium.firefox.internal.NewProfileExtensionConnection.start(NewProfileExtensionConnection.java:112)
	... 25 more
... Removed 14 stack frames]]>
    </failure>
  </testcase> <!-- @BeforeTest openBrowser -->
  <testcase name="executeStep1" time="0.003" classname="TestGrouping.CrossBrowserTest">
    <skipped/>
  </testcase> <!-- executeStep1 -->
</testsuite> <!-- Test1 -->
