<?xml version="1.0" encoding="UTF-8"?>
<!-- Generated by org.testng.reporters.JUnitXMLReporter -->
<testsuite hostname="Rinkesh" name="Test2" tests="4" failures="0" timestamp="7 Feb 2017 02:57:19 GMT" time="0.08" errors="0">
  <testcase name="login" time="0.006" classname="TestGrouping.BeforeAndAfterClass"/>
  <testcase name="login12" time="0.007" classname="TestGrouping.BeforeAndAfterClass"/>
  <testcase name="register" time="0.008" classname="TestGrouping.BeforeAndAfterClass"/>
  <testcase name="register12" time="0.006" classname="TestGrouping.BeforeAndAfterClass"/>
</testsuite> <!-- Test2 -->
